<?xml version="1.0" encoding="UTF-8"?>
<!-- Generated by org.testng.reporters.JUnitXMLReporter -->
<testsuite ignored="0" hostname="l-711-149" failures="0" tests="5" name="Default test" time="5.228" errors="0" timestamp="2026-01-06T18:07:21 IST">
  <testcase classname="CheckOutPageCalculation" name="AddtoCartCheck" time="4.531"/>
  <testcase classname="CheckOutPageCalculation" name="YourCart" time="0.083"/>
  <testcase classname="CheckOutPageCalculation" name="CheckoutCalculation" time="0.386"/>
  <testcase classname="CheckOutPageCalculation" name="PriceVerification" time="0.039"/>
  <testcase classname="CheckOutPageCalculation" name="TaxVerificatione" time="0.027"/>
</testsuite> <!-- Default test -->
