<?xml version="1.0" encoding="UTF-8"?>
<!-- Generated by org.testng.reporters.JUnitXMLReporter -->
<testsuite ignored="0" hostname="l-711-149" failures="0" tests="5" name="Default test" time="52.947" errors="0" timestamp="2026-01-09T20:41:36 IST">
  <testcase classname="CheckOutPageCalculation" name="AddtoCartCheck" time="30.176"/>
  <testcase classname="CheckOutPageCalculation" name="YourCart" time="3.605"/>
  <testcase classname="CheckOutPageCalculation" name="CheckoutCalculation" time="15.009"/>
  <testcase classname="CheckOutPageCalculation" name="PriceVerification" time="2.364"/>
  <testcase classname="CheckOutPageCalculation" name="TaxVerificatione" time="1.253"/>
</testsuite> <!-- Default test -->
