<?xml version="1.0" encoding="UTF-8"?>
<!-- Generated by org.testng.reporters.JUnitXMLReporter -->
<testsuite ignored="0" hostname="l-711-149" failures="1" tests="10" name="AutomationE2E Tests" time="43.746" errors="0" timestamp="2026-01-04T17:24:11 IST">
  <testcase classname="Login" name="basePageNavigation" time="10.775"/>
  <testcase classname="HomePage" name="basePageNavigation" time="1.663"/>
  <testcase classname="CheckOutPageCalculation" name="AddtoCartCheck" time="4.406"/>
  <testcase classname="CheckOutPageCalculation" name="YourCart" time="0.101"/>
  <testcase classname="CheckOutPageCalculation" name="CheckoutCalculation" time="0.291"/>
  <testcase classname="CheckOutPageCalculation" name="PriceVerification" time="0.045"/>
  <testcase classname="CheckOutPageCalculation" name="TaxVerificatione" time="0.029">
    <failure type="java.lang.AssertionError" message="Tax amount mismatch expected [3.68] but found [3.6784]">
      <![CDATA[java.lang.AssertionError: Tax amount mismatch expected [3.68] but found [3.6784]
at CheckOutPageCalculation.TaxVerificatione(CheckOutPageCalculation.java:106)
at java.base/java.util.ArrayList.forEach(ArrayList.java:1604)
... Removed 32 stack frames]]>
    </failure>
  </testcase> <!-- TaxVerificatione -->
  <testcase classname="CheckTitleHomePage" name="VerifyHomePageTitle" time="9.949"/>
  <testcase classname="AddToCart" name="AddtoCartCheck" time="16.285"/>
  <testcase classname="AddToCart" name="YourCart" time="0.065"/>
</testsuite> <!-- AutomationE2E Tests -->
