<?xml version="1.0" encoding="UTF-8"?>
<!-- Generated by org.testng.reporters.JUnitXMLReporter -->
<testsuite ignored="0" hostname="MSI" failures="0" tests="5" name="CheckOutPageCalculation Tests" time="49.188" errors="0" timestamp="2026-01-06T19:01:55 IST">
  <testcase classname="CheckOutPageCalculation" name="AddtoCartCheck" time="48.284"/>
  <testcase classname="CheckOutPageCalculation" name="YourCart" time="0.112"/>
  <testcase classname="CheckOutPageCalculation" name="CheckoutCalculation" time="0.338"/>
  <testcase classname="CheckOutPageCalculation" name="PriceVerification" time="0.071"/>
  <testcase classname="CheckOutPageCalculation" name="TaxVerificatione" time="0.039"/>
</testsuite> <!-- CheckOutPageCalculation Tests -->
