<?xml version="1.0" encoding="UTF-8"?>
<!-- Generated by org.testng.reporters.JUnitXMLReporter -->
<testsuite ignored="0" hostname="MSI" failures="0" tests="5" name="CheckOutPage Tests" time="6.094" errors="0" timestamp="2026-01-06T19:00:36 IST">
  <testcase classname="CheckOutPageCalculation" name="AddtoCartCheck" time="5.354"/>
  <testcase classname="CheckOutPageCalculation" name="YourCart" time="0.106"/>
  <testcase classname="CheckOutPageCalculation" name="CheckoutCalculation" time="0.313"/>
  <testcase classname="CheckOutPageCalculation" name="PriceVerification" time="0.052"/>
  <testcase classname="CheckOutPageCalculation" name="TaxVerificatione" time="0.033"/>
</testsuite> <!-- CheckOutPage Tests -->
