<?xml version="1.0" encoding="UTF-8"?>
<!-- Generated by org.testng.reporters.JUnitXMLReporter -->
<testsuite ignored="0" hostname="l-711-149" failures="1" tests="5" name="CheckOutPageCalculation Tests" time="5.184" errors="0" timestamp="2026-01-04T18:56:36 IST">
  <testcase classname="CheckOutPageCalculation" name="AddtoCartCheck" time="4.623"/>
  <testcase classname="CheckOutPageCalculation" name="YourCart" time="0.101"/>
  <testcase classname="CheckOutPageCalculation" name="CheckoutCalculation" time="0.225"/>
  <testcase classname="CheckOutPageCalculation" name="PriceVerification" time="0.064"/>
  <testcase classname="CheckOutPageCalculation" name="TaxVerificatione" time="0.027">
    <failure type="java.lang.AssertionError" message="Tax amount mismatch expected [3.68] but found [3.6784]">
      <![CDATA[java.lang.AssertionError: Tax amount mismatch expected [3.68] but found [3.6784]
at CheckOutPageCalculation.TaxVerificatione(CheckOutPageCalculation.java:109)
at java.base/java.util.ArrayList.forEach(ArrayList.java:1604)
... Removed 32 stack frames]]>
    </failure>
  </testcase> <!-- TaxVerificatione -->
</testsuite> <!-- CheckOutPageCalculation Tests -->
