<?xml version="1.0" encoding="UTF-8"?>
<!-- Generated by org.testng.reporters.JUnitXMLReporter -->
<testsuite ignored="0" hostname="l-711-149" failures="1" tests="5" name="CheckOutPage Tests" time="5.273" errors="0" timestamp="2026-01-06T17:33:31 IST">
  <testcase classname="CheckOutPageCalculation" name="AddtoCartCheck" time="4.735"/>
  <testcase classname="CheckOutPageCalculation" name="YourCart" time="0.08"/>
  <testcase classname="CheckOutPageCalculation" name="CheckoutCalculation" time="0.245"/>
  <testcase classname="CheckOutPageCalculation" name="PriceVerification" time="0.056"/>
  <testcase classname="CheckOutPageCalculation" name="TaxVerificatione" time="0.025">
    <failure type="java.lang.AssertionError" message="Tax amount mismatch expected [3.68] but found [3.6784]">
      <![CDATA[java.lang.AssertionError: Tax amount mismatch expected [3.68] but found [3.6784]
at CheckOutPageCalculation.TaxVerificatione(CheckOutPageCalculation.java:109)
at java.base/java.util.ArrayList.forEach(ArrayList.java:1604)
... Removed 32 stack frames]]>
    </failure>
  </testcase> <!-- TaxVerificatione -->
</testsuite> <!-- CheckOutPage Tests -->
