<?xml version="1.0" encoding="UTF-8"?>
<testng-results ignored="0" total="2" passed="2" failed="0" skipped="0">
  <reporter-output>
  </reporter-output>
  <suite started-at="2026-01-08T15:27:09 IST" name="AutomationE2E Suite" finished-at="2026-01-08T15:27:23 IST" duration-ms="14014">
    <groups>
    </groups>
    <test started-at="2026-01-08T15:27:09 IST" name="Login Tests" finished-at="2026-01-08T15:27:21 IST" duration-ms="12243">
      <class name="Login">
        <test-method is-config="true" signature="setupLogger()[pri:0, instance:Login@4189d70b]" started-at="2026-01-08T15:27:09 IST" name="setupLogger" finished-at="2026-01-08T15:27:09 IST" duration-ms="5" status="PASS">
          <reporter-output>
          </reporter-output>
        </test-method> <!-- setupLogger -->
        <test-method signature="basePageNavigation()[pri:0, instance:Login@4189d70b]" started-at="2026-01-08T15:27:09 IST" name="basePageNavigation" finished-at="2026-01-08T15:27:21 IST" duration-ms="12093" status="PASS">
          <reporter-output>
          </reporter-output>
        </test-method> <!-- basePageNavigation -->
        <test-method is-config="true" signature="teardown()[pri:0, instance:Login@4189d70b]" started-at="2026-01-08T15:27:21 IST" name="teardown" finished-at="2026-01-08T15:27:21 IST" duration-ms="129" status="PASS">
          <reporter-output>
          </reporter-output>
        </test-method> <!-- teardown -->
      </class> <!-- Login -->
    </test> <!-- Login Tests -->
    <test started-at="2026-01-08T15:27:22 IST" name="HomePge Tests" finished-at="2026-01-08T15:27:23 IST" duration-ms="1743">
      <class name="HomePage">
        <test-method signature="basePageNavigation()[pri:0, instance:HomePage@58c34bb3]" started-at="2026-01-08T15:27:22 IST" name="basePageNavigation" finished-at="2026-01-08T15:27:23 IST" duration-ms="1632" status="PASS">
          <reporter-output>
          </reporter-output>
        </test-method> <!-- basePageNavigation -->
        <test-method is-config="true" signature="teardown()[pri:0, instance:HomePage@58c34bb3]" started-at="2026-01-08T15:27:23 IST" name="teardown" finished-at="2026-01-08T15:27:23 IST" duration-ms="109" status="PASS">
          <reporter-output>
          </reporter-output>
        </test-method> <!-- teardown -->
      </class> <!-- HomePage -->
    </test> <!-- HomePge Tests -->
  </suite> <!-- AutomationE2E Suite -->
</testng-results>
