<?xml version="1.0" encoding="UTF-8"?>
<!-- Generated by org.testng.reporters.JUnitXMLReporter -->
<testsuite ignored="0" hostname="l-711-149" failures="0" tests="5" name="CheckOutPageCalculation Tests" time="4.543" errors="0" timestamp="2026-01-08T15:10:32 IST">
  <testcase classname="CheckOutPageCalculation" name="AddtoCartCheck" time="3.908"/>
  <testcase classname="CheckOutPageCalculation" name="YourCart" time="0.087"/>
  <testcase classname="CheckOutPageCalculation" name="CheckoutCalculation" time="0.293"/>
  <testcase classname="CheckOutPageCalculation" name="PriceVerification" time="0.048"/>
  <testcase classname="CheckOutPageCalculation" name="TaxVerificatione" time="0.046"/>
</testsuite> <!-- CheckOutPageCalculation Tests -->
