<?xml version="1.0" encoding="UTF-8"?>
<testng-results ignored="0" total="5" passed="5" failed="0" skipped="0">
  <reporter-output>
  </reporter-output>
  <suite started-at="2026-01-09T20:40:43 IST" name="Default suite" finished-at="2026-01-09T20:41:36 IST" duration-ms="52947">
    <groups>
    </groups>
    <test started-at="2026-01-09T20:40:43 IST" name="Default test" finished-at="2026-01-09T20:41:36 IST" duration-ms="52947">
      <class name="CheckOutPageCalculation">
        <test-method is-config="true" signature="ScreenrecordingStart()[pri:0, instance:CheckOutPageCalculation@618c5d94]" started-at="2026-01-09T20:40:43 IST" name="ScreenrecordingStart" finished-at="2026-01-09T20:40:44 IST" duration-ms="221" status="PASS">
          <reporter-output>
          </reporter-output>
        </test-method> <!-- ScreenrecordingStart -->
        <test-method signature="AddtoCartCheck()[pri:1, instance:CheckOutPageCalculation@618c5d94]" started-at="2026-01-09T20:40:44 IST" name="AddtoCartCheck" finished-at="2026-01-09T20:41:14 IST" duration-ms="30176" status="PASS">
          <reporter-output>
          </reporter-output>
        </test-method> <!-- AddtoCartCheck -->
        <test-method signature="YourCart()[pri:2, instance:CheckOutPageCalculation@618c5d94]" started-at="2026-01-09T20:41:14 IST" name="YourCart" finished-at="2026-01-09T20:41:17 IST" duration-ms="3605" status="PASS">
          <reporter-output>
          </reporter-output>
        </test-method> <!-- YourCart -->
        <test-method signature="CheckoutCalculation()[pri:3, instance:CheckOutPageCalculation@618c5d94]" started-at="2026-01-09T20:41:17 IST" name="CheckoutCalculation" finished-at="2026-01-09T20:41:32 IST" duration-ms="15009" status="PASS">
          <reporter-output>
          </reporter-output>
        </test-method> <!-- CheckoutCalculation -->
        <test-method signature="PriceVerification()[pri:4, instance:CheckOutPageCalculation@618c5d94]" started-at="2026-01-09T20:41:32 IST" name="PriceVerification" finished-at="2026-01-09T20:41:35 IST" duration-ms="2364" status="PASS">
          <reporter-output>
          </reporter-output>
        </test-method> <!-- PriceVerification -->
        <test-method signature="TaxVerificatione()[pri:5, instance:CheckOutPageCalculation@618c5d94]" started-at="2026-01-09T20:41:35 IST" name="TaxVerificatione" finished-at="2026-01-09T20:41:36 IST" duration-ms="1253" status="PASS">
          <reporter-output>
          </reporter-output>
        </test-method> <!-- TaxVerificatione -->
        <test-method is-config="true" signature="teardown()[pri:0, instance:CheckOutPageCalculation@618c5d94]" started-at="2026-01-09T20:41:36 IST" name="teardown" finished-at="2026-01-09T20:41:36 IST" duration-ms="282" status="PASS">
          <reporter-output>
          </reporter-output>
        </test-method> <!-- teardown -->
      </class> <!-- CheckOutPageCalculation -->
    </test> <!-- Default test -->
  </suite> <!-- Default suite -->
</testng-results>
