<?xml version="1.0" encoding="UTF-8"?>
<testng-results ignored="1" total="2" passed="1" failed="0" skipped="0">
  <reporter-output>
  </reporter-output>
  <suite started-at="2026-01-06T16:02:12 IST" name="Default suite" finished-at="2026-01-06T16:02:28 IST" duration-ms="16570">
    <groups>
    </groups>
    <test started-at="2026-01-06T16:02:12 IST" name="Default test" finished-at="2026-01-06T16:02:28 IST" duration-ms="16570">
      <class name="AddToCart">
        <test-method signature="AddtoCartCheck()[pri:0, instance:AddToCart@41925502]" started-at="2026-01-06T16:02:12 IST" name="AddtoCartCheck" finished-at="2026-01-06T16:02:28 IST" duration-ms="16544" status="PASS">
          <reporter-output>
          </reporter-output>
        </test-method> <!-- AddtoCartCheck -->
        <test-method is-config="true" signature="teardown()[pri:0, instance:AddToCart@41925502]" started-at="2026-01-06T16:02:28 IST" name="teardown" finished-at="2026-01-06T16:02:28 IST" duration-ms="1" status="PASS">
          <reporter-output>
          </reporter-output>
        </test-method> <!-- teardown -->
      </class> <!-- AddToCart -->
    </test> <!-- Default test -->
  </suite> <!-- Default suite -->
</testng-results>
