<?xml version="1.0" encoding="UTF-8"?>
<!-- Generated by org.testng.reporters.JUnitReportReporter -->
<testsuite hostname="l-711-149" failures="0" tests="10" name="CheckOutPageCalculation" time="9.137" errors="0" timestamp="2026-01-08T15:10:32 IST" skipped="0">
  <testcase classname="CheckOutPageCalculation" name="AddtoCartCheck" time="3.908"/>
  <system-out/>
  <testcase classname="CheckOutPageCalculation" name="AddtoCartCheck" time="4.292"/>
  <system-out/>
  <testcase classname="CheckOutPageCalculation" name="YourCart" time="0.087"/>
  <system-out/>
  <testcase classname="CheckOutPageCalculation" name="YourCart" time="0.094"/>
  <system-out/>
  <testcase classname="CheckOutPageCalculation" name="CheckoutCalculation" time="0.285"/>
  <system-out/>
  <testcase classname="CheckOutPageCalculation" name="CheckoutCalculation" time="0.293"/>
  <system-out/>
  <testcase classname="CheckOutPageCalculation" name="PriceVerification" time="0.048"/>
  <system-out/>
  <testcase classname="CheckOutPageCalculation" name="PriceVerification" time="0.048"/>
  <system-out/>
  <testcase classname="CheckOutPageCalculation" name="TaxVerificatione" time="0.036"/>
  <system-out/>
  <testcase classname="CheckOutPageCalculation" name="TaxVerificatione" time="0.046"/>
  <system-out/>
</testsuite> <!-- CheckOutPageCalculation -->
